<?xml version="1.0" encoding="UTF-8"?>
<!-- Generated by org.testng.reporters.JUnitXMLReporter -->
<testsuite hostname="NaeemSiddiq" ignored="0" name="Duas Page" tests="2" failures="0" timestamp="06 Dec 2017 08:49:25 GMT" time="129.771" errors="0">
  <testcase name="testQuranicDuasCardOnDuasPage" time="25.467" classname="com.vdif.webautomation.duas.TestDuasPage"/>
  <testcase name="testQuranicDuasListOnDuasPage" time="99.535" classname="com.vdif.webautomation.duas.TestDuasPage"/>
</testsuite> <!-- Duas Page -->
