<?xml version="1.0" encoding="UTF-8"?>
<!-- Generated by org.testng.reporters.JUnitXMLReporter -->
<testsuite hostname="NaeemSiddiq" ignored="0" name="Hajj Page" tests="4" failures="0" timestamp="06 Dec 2017 07:07:41 GMT" time="353.695" errors="0">
  <testcase name="testHajjLiveCardOnHajj2017Page" time="144.49" classname="com.vdif.webautomation.hajj.TestHajjPage"/>
  <testcase name="testOtherCardOnHajj2017Page" time="9.444" classname="com.vdif.webautomation.hajj.TestHajjPage"/>
  <testcase name="testSideNavBarOnHajj2017Page" time="33.315" classname="com.vdif.webautomation.hajj.TestHajjPage"/>
  <testcase name="testTopNavBarOnHajj2017Page" time="161.563" classname="com.vdif.webautomation.hajj.TestHajjPage"/>
</testsuite> <!-- Hajj Page -->
