<?xml version="1.0" encoding="UTF-8"?>
<!-- Generated by org.testng.reporters.JUnitXMLReporter -->
<testsuite hostname="NaeemSiddiq" ignored="0" name="Inspirations Tasbeeh Widgets Athan Pages " tests="4" failures="0" timestamp="06 Dec 2017 07:28:59 GMT" time="190.35" errors="0">
  <testcase name="testAthanPage" time="65.868" classname="com.vdif.webautomation.inspirations_tasbeeh_widgets_athan.TestInspirationsTasbeehWidgetsAthanPages"/>
  <testcase name="testInspirationsPage" time="38.463" classname="com.vdif.webautomation.inspirations_tasbeeh_widgets_athan.TestInspirationsTasbeehWidgetsAthanPages"/>
  <testcase name="testTasbeehPage" time="69.797" classname="com.vdif.webautomation.inspirations_tasbeeh_widgets_athan.TestInspirationsTasbeehWidgetsAthanPages"/>
  <testcase name="testWidgetsPage" time="11.248" classname="com.vdif.webautomation.inspirations_tasbeeh_widgets_athan.TestInspirationsTasbeehWidgetsAthanPages"/>
</testsuite> <!-- Inspirations Tasbeeh Widgets Athan Pages  -->
