<?xml version="1.0" encoding="UTF-8"?>
<!-- Generated by org.testng.reporters.JUnitXMLReporter -->
<testsuite hostname="NaeemSiddiq" ignored="0" name="Iqra Page" tests="12" failures="0" timestamp="06 Dec 2017 07:58:36 GMT" time="1776.013" errors="0">
  <testcase name="testHalalComicsTabOnIqraTheBlogPage" time="310.886" classname="com.vdif.webautomation.iqra.TestIqraTheBlogPage"/>
  <testcase name="testKnowledgeTabOnIqraTheBlogPage" time="253.592" classname="com.vdif.webautomation.iqra.TestIqraTheBlogPage"/>
  <testcase name="testLifestyleTabOnIqraTheBlogPage" time="84.997" classname="com.vdif.webautomation.iqra.TestIqraTheBlogPage">
    <skipped/>
  </testcase> <!-- testLifestyleTabOnIqraTheBlogPage -->
  <testcase name="testLifestyleTabOnIqraTheBlogPage" time="7.556" classname="com.vdif.webautomation.iqra.TestIqraTheBlogPage">
    <skipped/>
  </testcase> <!-- testLifestyleTabOnIqraTheBlogPage -->
  <testcase name="testLifestyleTabOnIqraTheBlogPage" time="164.093" classname="com.vdif.webautomation.iqra.TestIqraTheBlogPage"/>
  <testcase name="testMoreCurrentAffairsTabOnIqraTheBlogPage" time="50.624" classname="com.vdif.webautomation.iqra.TestIqraTheBlogPage">
    <skipped/>
  </testcase> <!-- testMoreCurrentAffairsTabOnIqraTheBlogPage -->
  <testcase name="testMoreCurrentAffairsTabOnIqraTheBlogPage" time="104.37" classname="com.vdif.webautomation.iqra.TestIqraTheBlogPage"/>
  <testcase name="testSearchFieldOnIqraTheBlogPage" time="199.081" classname="com.vdif.webautomation.iqra.TestIqraTheBlogPage"/>
  <testcase name="testSpiritualityTabOnIqraTheBlogPage" time="51.423" classname="com.vdif.webautomation.iqra.TestIqraTheBlogPage">
    <skipped/>
  </testcase> <!-- testSpiritualityTabOnIqraTheBlogPage -->
  <testcase name="testSpiritualityTabOnIqraTheBlogPage" time="227.169" classname="com.vdif.webautomation.iqra.TestIqraTheBlogPage"/>
  <testcase name="testUpdatesAndFeaturesTabOnIqraTheBlogPage" time="208.796" classname="com.vdif.webautomation.iqra.TestIqraTheBlogPage">
    <skipped/>
  </testcase> <!-- testUpdatesAndFeaturesTabOnIqraTheBlogPage -->
  <testcase name="testUpdatesAndFeaturesTabOnIqraTheBlogPage" time="108.407" classname="com.vdif.webautomation.iqra.TestIqraTheBlogPage"/>
</testsuite> <!-- Iqra Page -->
