<?xml version="1.0" encoding="UTF-8"?>
<!-- Generated by org.testng.reporters.JUnitXMLReporter -->
<testsuite hostname="NaeemSiddiq" ignored="0" name="Islamic Calendar Page" tests="8" failures="0" timestamp="06 Dec 2017 08:07:31 GMT" time="534.767" errors="0">
  <testcase name="testArticlesOnIqraCardOnIslamicCalendarPage" time="202.291" classname="com.vdif.webautomation.islamiccalendar.TestIslamicCalendarPage"/>
  <testcase name="testIslamicCalendarOnAugust1992" time="25.609" classname="com.vdif.webautomation.islamiccalendar.TestIslamicCalendarPage">
    <skipped/>
  </testcase> <!-- testIslamicCalendarOnAugust1992 -->
  <testcase name="testIslamicCalendarOnAugust1992" time="20.315" classname="com.vdif.webautomation.islamiccalendar.TestIslamicCalendarPage"/>
  <testcase name="testIslamicCalendarOnNovember2017" time="28.181" classname="com.vdif.webautomation.islamiccalendar.TestIslamicCalendarPage"/>
  <testcase name="testKnowYourHijriDatesCardOnIslamicCalendarPage" time="27.774" classname="com.vdif.webautomation.islamiccalendar.TestIslamicCalendarPage"/>
  <testcase name="testSpecialIslamicDaysCard" time="148.172" classname="com.vdif.webautomation.islamiccalendar.TestIslamicCalendarPage"/>
  <testcase name="testUpcomingEventsCardOnIslamicCalendarPage" time="30.301" classname="com.vdif.webautomation.islamiccalendar.TestIslamicCalendarPage"/>
  <testcase name="testViewPrayerTimeAndViewDateConverterCard" time="47.11" classname="com.vdif.webautomation.islamiccalendar.TestIslamicCalendarPage"/>
</testsuite> <!-- Islamic Calendar Page -->
