<?xml version="1.0" encoding="UTF-8"?>
<!-- Generated by org.testng.reporters.JUnitXMLReporter -->
<testsuite hostname="NaeemSiddiq" ignored="0" name="Login Prayerbook Page" tests="4" failures="0" timestamp="06 Dec 2017 08:11:11 GMT" time="160.558" errors="0">
  <testcase name="testALogin" time="37.635" classname="com.vdif.webautomation.login_prayerbook.TestLoginAndPrayerbook"/>
  <testcase name="testBPrayerBookCard" time="11.382" classname="com.vdif.webautomation.login_prayerbook.TestLoginAndPrayerbook"/>
  <testcase name="testCPrayerTimesCardOnPrayerBookPage" time="82.986" classname="com.vdif.webautomation.login_prayerbook.TestLoginAndPrayerbook"/>
  <testcase name="testDArticlesOnIqraCardOnPrayerbookPage" time="23.61" classname="com.vdif.webautomation.login_prayerbook.TestLoginAndPrayerbook"/>
</testsuite> <!-- Login Prayerbook Page -->
