<?xml version="1.0" encoding="UTF-8"?>
<!-- Generated by org.testng.reporters.JUnitXMLReporter -->
<testsuite hostname="NaeemSiddiq" ignored="0" name="Qibla Direction Page" tests="2" failures="0" timestamp="06 Dec 2017 08:33:42 GMT" time="49.987" errors="0">
  <testcase name="testQiblaDirectionAndQiblaCompassFromKarachi" time="33.676" classname="com.vdif.webautomation.qibladirection.TestQiblaDirection"/>
  <testcase name="testQiblaDirectionAndQiblaCompassFromLahore" time="11.647" classname="com.vdif.webautomation.qibladirection.TestQiblaDirection"/>
</testsuite> <!-- Qibla Direction Page -->
