<?xml version="1.0" encoding="UTF-8"?>
<!-- Generated by org.testng.reporters.JUnitXMLReporter -->
<testsuite hostname="NaeemSiddiq" ignored="0" name="Ramadan 2017 Page" tests="2" failures="0" timestamp="06 Dec 2017 08:38:07 GMT" time="264.741" errors="0">
  <testcase name="testOtherCardsOnRamadanPage" time="184.8" classname="com.vdif.webautomation.ramadan2017.TestRamadan2017"/>
  <testcase name="testTopCardOfRamadanPage" time="75.242" classname="com.vdif.webautomation.ramadan2017.TestRamadan2017"/>
</testsuite> <!-- Ramadan 2017 Page -->
