<?xml version="1.0" encoding="UTF-8"?>
<!-- Generated by org.testng.reporters.JUnitXMLReporter -->
<testsuite hostname="NaeemSiddiq" ignored="0" name="Talk To Us Page" tests="3" failures="0" timestamp="06 Dec 2017 08:42:59 GMT" time="60.425" errors="0">
  <testcase name="testAboutIslamicFinder" time="32.64" classname="com.vdif.webautomation.talktous.TestTalkToUsPage"/>
  <testcase name="testAdvertiseWithUs" time="17.004" classname="com.vdif.webautomation.talktous.TestTalkToUsPage"/>
  <testcase name="testTalkToUsPage" time="6.626" classname="com.vdif.webautomation.talktous.TestTalkToUsPage"/>
</testsuite> <!-- Talk To Us Page -->
