<?xml version="1.0" encoding="UTF-8"?>
<!-- Generated by org.testng.reporters.JUnitXMLReporter -->
<testsuite hostname="NaeemSiddiq" ignored="0" name="Top10 Cities Gregorian Monthly Prayer Times Page" tests="10" failures="0" timestamp="06 Dec 2017 08:28:34 GMT" time="573.518" errors="0">
  <testcase name="testPrayerTimesInDoha" time="92.57" classname="com.vdif.webautomation.prayertimes.TestTop10CitiesGregorianMonthlyPrayerTimes"/>
  <testcase name="testPrayerTimesInJeddah" time="60.12" classname="com.vdif.webautomation.prayertimes.TestTop10CitiesGregorianMonthlyPrayerTimes"/>
  <testcase name="testPrayerTimesInKualaLumpur" time="47.006" classname="com.vdif.webautomation.prayertimes.TestTop10CitiesGregorianMonthlyPrayerTimes"/>
  <testcase name="testPrayerTimesInLondon" time="91.248" classname="com.vdif.webautomation.prayertimes.TestTop10CitiesGregorianMonthlyPrayerTimes"/>
  <testcase name="testPrayerTimesInMelbourne" time="41.8" classname="com.vdif.webautomation.prayertimes.TestTop10CitiesGregorianMonthlyPrayerTimes"/>
  <testcase name="testPrayerTimesInNewYork" time="51.5" classname="com.vdif.webautomation.prayertimes.TestTop10CitiesGregorianMonthlyPrayerTimes"/>
  <testcase name="testPrayerTimesInParis" time="44.038" classname="com.vdif.webautomation.prayertimes.TestTop10CitiesGregorianMonthlyPrayerTimes"/>
  <testcase name="testPrayerTimesInRiyadh" time="48.129" classname="com.vdif.webautomation.prayertimes.TestTop10CitiesGregorianMonthlyPrayerTimes"/>
  <testcase name="testPrayerTimesInSydney" time="43.449" classname="com.vdif.webautomation.prayertimes.TestTop10CitiesGregorianMonthlyPrayerTimes"/>
  <testcase name="testPrayerTimesInToronto" time="48.87" classname="com.vdif.webautomation.prayertimes.TestTop10CitiesGregorianMonthlyPrayerTimes"/>
</testsuite> <!-- Top10 Cities Gregorian Monthly Prayer Times Page -->
