<?xml version="1.0" encoding="UTF-8"?>
<!-- Generated by org.testng.reporters.JUnitXMLReporter -->
<testsuite hostname="NaeemSiddiq" ignored="0" name="Top3 Cities Hijri Prayer Times Page" tests="3" failures="0" timestamp="06 Dec 2017 08:31:39 GMT" time="184.824" errors="0">
  <testcase name="testHijriPrayerTimesInNewYork" time="76.991" classname="com.vdif.webautomation.prayertimes.TestTop3CitiesHijriPrayerTimes"/>
  <testcase name="testHijriPrayerTimesInRiyadh" time="49.645" classname="com.vdif.webautomation.prayertimes.TestTop3CitiesHijriPrayerTimes"/>
  <testcase name="testHijriPrayerTimesInSydney" time="53.523" classname="com.vdif.webautomation.prayertimes.TestTop3CitiesHijriPrayerTimes"/>
</testsuite> <!-- Top3 Cities Hijri Prayer Times Page -->
