<?xml version="1.0" encoding="UTF-8"?>
<!-- Generated by org.testng.reporters.JUnitXMLReporter -->
<testsuite hostname="NaeemSiddiq" ignored="0" name="World Page" tests="4" failures="0" timestamp="06 Dec 2017 08:46:14 GMT" time="194.574" errors="0">
  <testcase name="testCountriesNamesOnWorldPage" time="58.248" classname="com.vdif.webautomation.worldpage.TestWorldPage"/>
  <testcase name="testSaudiArabiaOnWorldPage" time="39.359" classname="com.vdif.webautomation.worldpage.TestWorldPage"/>
  <testcase name="testUnitedStatesOnWorldPage" time="20.499" classname="com.vdif.webautomation.worldpage.TestWorldPage">
    <skipped/>
  </testcase> <!-- testUnitedStatesOnWorldPage -->
  <testcase name="testUnitedStatesOnWorldPage" time="71.739" classname="com.vdif.webautomation.worldpage.TestWorldPage"/>
</testsuite> <!-- World Page -->
