<?xml version="1.0" encoding="UTF-8"?>
<!-- Generated by org.testng.reporters.JUnitXMLReporter -->
<testsuite hostname="NaeemSiddiq" ignored="0" name="Zakat Calculator Page" tests="3" failures="0" timestamp="06 Dec 2017 08:47:15 GMT" time="60.759" errors="0">
  <testcase name="testZakatCalculatorForZakatApplicable" time="29.608" classname="com.vdif.webautomation.zakatcalculator.TestZakatCalculatorPage"/>
  <testcase name="testZakatCalculatorForZakatNotApplicableCase1" time="14.347" classname="com.vdif.webautomation.zakatcalculator.TestZakatCalculatorPage"/>
  <testcase name="testZakatCalculatorForZakatNotApplicableCase2" time="12.11" classname="com.vdif.webautomation.zakatcalculator.TestZakatCalculatorPage"/>
</testsuite> <!-- Zakat Calculator Page -->
