<?xml version="1.0" encoding="UTF-8"?>
<testng-results skipped="0" failed="0" ignored="1" total="3" passed="2">
  <reporter-output>
  </reporter-output>
  <suite name="Default suite" duration-ms="188346" started-at="2017-12-06T12:02:54Z" finished-at="2017-12-06T12:06:02Z">
    <groups>
    </groups>
    <test name="Default test" duration-ms="188346" started-at="2017-12-06T12:02:54Z" finished-at="2017-12-06T12:06:02Z">
      <class name="com.vdif.webautomation.specialislamicdays.TestSpecialIslamicDays">
        <test-method status="PASS" signature="setUp()[pri:0, instance:com.vdif.webautomation.specialislamicdays.TestSpecialIslamicDays@4501b7af]" name="setUp" is-config="true" duration-ms="4208" started-at="2017-12-06T17:02:54Z" finished-at="2017-12-06T17:02:58Z">
          <reporter-output>
          </reporter-output>
        </test-method> <!-- setUp -->
        <test-method status="PASS" signature="testSpecialIslamicDaysCardOnSpecialIslamicDays()[pri:0, instance:com.vdif.webautomation.specialislamicdays.TestSpecialIslamicDays@4501b7af]" name="testSpecialIslamicDaysCardOnSpecialIslamicDays" duration-ms="135514" started-at="2017-12-06T17:02:58Z" finished-at="2017-12-06T17:05:14Z">
          <reporter-output>
          </reporter-output>
        </test-method> <!-- testSpecialIslamicDaysCardOnSpecialIslamicDays -->
        <test-method status="PASS" signature="testUpcomingEventsCardOnSpecialIslamicDaysPage()[pri:0, instance:com.vdif.webautomation.specialislamicdays.TestSpecialIslamicDays@4501b7af]" name="testUpcomingEventsCardOnSpecialIslamicDaysPage" duration-ms="47285" started-at="2017-12-06T17:05:14Z" finished-at="2017-12-06T17:06:01Z">
          <reporter-output>
          </reporter-output>
        </test-method> <!-- testUpcomingEventsCardOnSpecialIslamicDaysPage -->
        <test-method status="PASS" signature="tearDown()[pri:0, instance:com.vdif.webautomation.specialislamicdays.TestSpecialIslamicDays@4501b7af]" name="tearDown" is-config="true" duration-ms="1304" started-at="2017-12-06T17:06:01Z" finished-at="2017-12-06T17:06:02Z">
          <reporter-output>
          </reporter-output>
        </test-method> <!-- tearDown -->
      </class> <!-- com.vdif.webautomation.specialislamicdays.TestSpecialIslamicDays -->
    </test> <!-- Default test -->
  </suite> <!-- Default suite -->
</testng-results>
