<?xml version="1.0" encoding="UTF-8"?>
<!-- Generated by org.testng.reporters.JUnitXMLReporter -->
<testsuite hostname="NaeemSiddiq" ignored="1" name="Default test" tests="2" failures="0" timestamp="06 Dec 2017 12:06:02 GMT" time="188.346" errors="0">
  <testcase name="testSpecialIslamicDaysCardOnSpecialIslamicDays" time="135.514" classname="com.vdif.webautomation.specialislamicdays.TestSpecialIslamicDays"/>
  <testcase name="testUpcomingEventsCardOnSpecialIslamicDaysPage" time="47.285" classname="com.vdif.webautomation.specialislamicdays.TestSpecialIslamicDays"/>
  <testcase name="testAllIslamicEventsCardOnSpecialIslamicDays" time="0.0" classname="com.vdif.webautomation.specialislamicdays.TestSpecialIslamicDays">
    <ignored/>
  </testcase> <!-- testAllIslamicEventsCardOnSpecialIslamicDays -->
</testsuite> <!-- Default test -->
